****************************************
Report : constraint
        -all_violators
Design : fifo1_sram
Version: P-2019.03-SP1-VAL
Date   : Thu Jun  4 13:09:44 2020
****************************************

   late_timing
   -----------

Information: Timer using 'SI, Timing Window Analysis, CRPR'. (TIM-050)
Endpoint                         Path Delay     Path Required       CRP    Slack Group    Scenario
----------------------------------------------------------------------------------------------------------
rptr_empty/rempty_reg/D (SDFFASX1_LVT)
                                   3.01 r         2.95           0.02    -0.06   rclk     func_slow
wdata_reg_1_/D (SDFFARX1_HVT)      8.47 f         2.77           0.00    -5.70   INPUTS   func_slow
wdata_reg_0_/D (SDFFARX1_HVT)      7.62 f         2.78           0.00    -4.85   INPUTS   func_slow
wdata_reg_4_/D (SDFFARX1_HVT)      7.49 f         2.77           0.00    -4.72   INPUTS   func_slow
wdata_reg_2_/D (SDFFARX1_HVT)      7.37 f         2.77           0.00    -4.60   INPUTS   func_slow
wdata_reg_15_/D (SDFFARX1_HVT)     7.18 f         2.78           0.00    -4.41   INPUTS   func_slow
wdata_reg_3_/D (SDFFARX1_HVT)      7.08 f         2.77           0.00    -4.31   INPUTS   func_slow
wdata_reg_5_/D (SDFFARX1_HVT)      6.92 f         2.77           0.00    -4.15   INPUTS   func_slow
wdata_reg_14_/D (SDFFARX1_HVT)     6.86 f         2.78           0.00    -4.08   INPUTS   func_slow
rptr_empty/rempty_reg/SETB (SDFFASX1_LVT)
                                   6.63 r         3.16           0.00    -3.47   INPUTS   func_slow
sync_w2r/rq2_wptr_reg_8_/SETB (DFFASX1_RVT)
                                   6.64 r         3.18           0.00    -3.46   INPUTS   func_slow
rptr_empty/rbin_reg_8_/SETB (SDFFASX1_HVT)
                                   6.64 r         3.20           0.00    -3.44   INPUTS   func_slow
rptr_empty/rbin_reg_5_/SETB (SDFFASX1_HVT)
                                   6.64 r         3.20           0.00    -3.43   INPUTS   func_slow
rptr_empty/rbin_reg_3_/SETB (SDFFASX1_HVT)
                                   6.63 r         3.21           0.00    -3.43   INPUTS   func_slow
rptr_empty/rbin_reg_4_/SETB (SDFFASX1_HVT)
                                   6.63 r         3.21           0.00    -3.43   INPUTS   func_slow
rptr_empty/rbin_reg_2_/SETB (SDFFASX1_HVT)
                                   6.63 r         3.21           0.00    -3.43   INPUTS   func_slow
rptr_empty/rbin_reg_9_/SETB (SDFFASX2_HVT)
                                   6.64 r         3.23           0.00    -3.42   INPUTS   func_slow
sync_w2r/rq2_wptr_reg_7_/SETB (DFFASX2_HVT)
                                   6.64 r         3.23           0.00    -3.41   INPUTS   func_slow
sync_w2r/rq2_wptr_reg_9_/RSTB (DFFARX1_RVT)
                                   6.64 r         3.33           0.00    -3.32   INPUTS   func_slow
sync_w2r/rq2_wptr_reg_11_/RSTB (DFFARX1_RVT)
                                   6.64 r         3.33           0.00    -3.31   INPUTS   func_slow
sync_w2r/rq2_wptr_reg_10_/RSTB (DFFARX1_RVT)
                                   6.64 r         3.33           0.00    -3.31   INPUTS   func_slow
sync_w2r/rq2_wptr_reg_12_/RSTB (DFFARX1_RVT)
                                   6.64 r         3.33           0.00    -3.31   INPUTS   func_slow
sync_w2r/rq2_wptr_reg_3_/RSTB (DFFARX1_RVT)
                                   6.63 r         3.32           0.00    -3.31   INPUTS   func_slow
sync_w2r/rq2_wptr_reg_2_/RSTB (DFFARX1_RVT)
                                   6.63 r         3.32           0.00    -3.31   INPUTS   func_slow
sync_w2r/rq2_wptr_reg_1_/RSTB (DFFARX1_RVT)
                                   6.63 r         3.32           0.00    -3.31   INPUTS   func_slow
sync_w2r/rq2_wptr_reg_4_/RSTB (DFFARX1_RVT)
                                   6.63 r         3.32           0.00    -3.31   INPUTS   func_slow
sync_w2r/rq2_wptr_reg_0_/RSTB (DFFARX1_RVT)
                                   6.63 r         3.33           0.00    -3.31   INPUTS   func_slow
rptr_empty/rbin_reg_10_/RSTB (SDFFARX1_HVT)
                                   6.64 r         3.43           0.00    -3.21   INPUTS   func_slow
rptr_empty/rbin_reg_11_/RSTB (SDFFARX1_HVT)
                                   6.64 r         3.43           0.00    -3.21   INPUTS   func_slow
rptr_empty/rbin_reg_7_/RSTB (SDFFARX1_HVT)
                                   6.64 r         3.43           0.00    -3.21   INPUTS   func_slow
rptr_empty/rbin_reg_12_/RSTB (SDFFARX1_HVT)
                                   6.64 r         3.43           0.00    -3.21   INPUTS   func_slow
rptr_empty/rptr_reg_8_/RSTB (SDFFARX1_HVT)
                                   6.64 r         3.43           0.00    -3.21   INPUTS   func_slow
rptr_empty/rptr_reg_10_/RSTB (SDFFARX1_HVT)
                                   6.64 r         3.43           0.00    -3.21   INPUTS   func_slow
rptr_empty/rptr_reg_11_/RSTB (SDFFARX1_HVT)
                                   6.64 r         3.43           0.00    -3.21   INPUTS   func_slow
rptr_empty/rptr_reg_9_/RSTB (SDFFARX1_HVT)
                                   6.64 r         3.43           0.00    -3.21   INPUTS   func_slow
sync_w2r/rq1_wptr_reg_8_/RSTB (SDFFARX1_HVT)
                                   6.64 r         3.43           0.00    -3.21   INPUTS   func_slow
sync_w2r/rq1_wptr_reg_9_/RSTB (SDFFARX1_HVT)
                                   6.64 r         3.43           0.00    -3.21   INPUTS   func_slow
sync_w2r/rq1_wptr_reg_11_/RSTB (SDFFARX1_HVT)
                                   6.64 r         3.43           0.00    -3.21   INPUTS   func_slow
sync_w2r/rq1_wptr_reg_10_/RSTB (SDFFARX1_HVT)
                                   6.64 r         3.43           0.00    -3.21   INPUTS   func_slow
rptr_empty/rptr_reg_7_/RSTB (SDFFARX1_HVT)
                                   6.64 r         3.43           0.00    -3.21   INPUTS   func_slow
rptr_empty/rbin_reg_6_/RSTB (SDFFARX1_HVT)
                                   6.64 r         3.43           0.00    -3.21   INPUTS   func_slow
sync_w2r/rq1_wptr_reg_12_/RSTB (SDFFARX1_HVT)
                                   6.64 r         3.43           0.00    -3.21   INPUTS   func_slow
sync_w2r/rq1_wptr_reg_7_/RSTB (SDFFARX1_HVT)
                                   6.64 r         3.43           0.00    -3.21   INPUTS   func_slow
rptr_empty/rptr_reg_6_/RSTB (SDFFARX1_HVT)
                                   6.64 r         3.43           0.00    -3.21   INPUTS   func_slow
sync_w2r/rq1_wptr_reg_2_/RSTB (SDFFARX1_HVT)
                                   6.63 r         3.42           0.00    -3.21   INPUTS   func_slow
sync_w2r/rq1_wptr_reg_3_/RSTB (SDFFARX1_HVT)
                                   6.63 r         3.42           0.00    -3.21   INPUTS   func_slow
sync_w2r/rq1_wptr_reg_6_/RSTB (SDFFARX1_HVT)
                                   6.64 r         3.43           0.00    -3.21   INPUTS   func_slow
rptr_empty/rptr_reg_5_/RSTB (SDFFARX1_HVT)
                                   6.64 r         3.43           0.00    -3.21   INPUTS   func_slow
sync_w2r/rq1_wptr_reg_1_/RSTB (SDFFARX1_HVT)
                                   6.63 r         3.43           0.00    -3.21   INPUTS   func_slow
rptr_empty/rbin_reg_0_/RSTB (SDFFARX1_HVT)
                                   6.63 r         3.43           0.00    -3.21   INPUTS   func_slow
sync_w2r/rq1_wptr_reg_4_/RSTB (SDFFARX1_HVT)
                                   6.63 r         3.43           0.00    -3.21   INPUTS   func_slow
rptr_empty/rptr_reg_1_/RSTB (SDFFARX1_HVT)
                                   6.63 r         3.43           0.00    -3.21   INPUTS   func_slow
rptr_empty/rptr_reg_2_/RSTB (SDFFARX1_HVT)
                                   6.63 r         3.43           0.00    -3.21   INPUTS   func_slow
rptr_empty/rptr_reg_0_/RSTB (SDFFARX1_HVT)
                                   6.63 r         3.43           0.00    -3.21   INPUTS   func_slow
rptr_empty/rbin_reg_1_/RSTB (SDFFARX1_HVT)
                                   6.63 r         3.43           0.00    -3.21   INPUTS   func_slow
sync_w2r/rq1_wptr_reg_5_/RSTB (SDFFARX1_HVT)
                                   6.63 r         3.43           0.00    -3.21   INPUTS   func_slow
rptr_empty/rptr_reg_4_/RSTB (SDFFARX1_HVT)
                                   6.63 r         3.43           0.00    -3.21   INPUTS   func_slow
sync_w2r/rq1_wptr_reg_0_/RSTB (SDFFARX1_HVT)
                                   6.63 r         3.43           0.00    -3.21   INPUTS   func_slow
rptr_empty/rptr_reg_3_/RSTB (SDFFARX1_HVT)
                                   6.63 r         3.43           0.00    -3.21   INPUTS   func_slow
wdata_reg_12_/D (SDFFARX1_HVT)     5.65 f         2.78           0.00    -2.88   INPUTS   func_slow
sync_w2r/rq2_wptr_reg_6_/RSTB (DFFARX1_HVT)
                                   6.64 r         3.89           0.00    -2.75   INPUTS   func_slow
sync_w2r/rq2_wptr_reg_5_/RSTB (DFFARX1_HVT)
                                   6.64 r         3.89           0.00    -2.74   INPUTS   func_slow
wdata_reg_13_/D (SDFFARX1_HVT)     5.35 f         2.78           0.00    -2.57   INPUTS   func_slow
wdata_reg_4_/RSTB (SDFFARX1_HVT)   5.99 r         3.56           0.00    -2.42   INPUTS   func_slow
wdata_reg_5_/RSTB (SDFFARX1_HVT)   5.98 r         3.56           0.00    -2.42   INPUTS   func_slow
wdata_reg_6_/RSTB (SDFFARX1_HVT)   5.98 r         3.56           0.00    -2.42   INPUTS   func_slow
wdata_reg_8_/RSTB (SDFFARX1_HVT)   5.98 r         3.56           0.00    -2.42   INPUTS   func_slow
wdata_reg_1_/RSTB (SDFFARX1_HVT)   5.98 r         3.56           0.00    -2.42   INPUTS   func_slow
wdata_reg_0_/RSTB (SDFFARX1_HVT)   5.98 r         3.56           0.00    -2.42   INPUTS   func_slow
wdata_reg_3_/RSTB (SDFFARX1_HVT)   5.98 r         3.56           0.00    -2.42   INPUTS   func_slow
wdata_reg_7_/RSTB (SDFFARX1_HVT)   5.98 r         3.56           0.00    -2.42   INPUTS   func_slow
wdata_reg_2_/RSTB (SDFFARX1_HVT)   5.98 r         3.56           0.00    -2.42   INPUTS   func_slow
wdata_reg_15_/RSTB (SDFFARX1_HVT)
                                   5.98 r         3.56           0.00    -2.42   INPUTS   func_slow
wdata_reg_10_/RSTB (SDFFARX1_HVT)
                                   5.98 r         3.56           0.00    -2.42   INPUTS   func_slow
wdata_reg_13_/RSTB (SDFFARX1_HVT)
                                   5.98 r         3.56           0.00    -2.42   INPUTS   func_slow
wdata_reg_12_/RSTB (SDFFARX1_HVT)
                                   5.98 r         3.56           0.00    -2.42   INPUTS   func_slow
wdata_reg_14_/RSTB (SDFFARX1_HVT)
                                   5.98 r         3.56           0.00    -2.42   INPUTS   func_slow
wdata_reg_9_/RSTB (SDFFARX1_HVT)   5.98 r         3.56           0.00    -2.42   INPUTS   func_slow
wdata_reg_11_/RSTB (SDFFARX1_HVT)
                                   5.98 r         3.56           0.00    -2.42   INPUTS   func_slow
wdata_reg_6_/D (SDFFARX1_HVT)      5.06 f         2.77           0.00    -2.29   INPUTS   func_slow
wdata_reg_11_/D (SDFFARX1_HVT)     4.83 f         2.78           0.00    -2.05   INPUTS   func_slow
wdata_reg_7_/D (SDFFARX1_HVT)      4.60 f         2.77           0.00    -1.83   INPUTS   func_slow
wdata_reg_8_/D (SDFFARX1_HVT)      4.36 f         2.77           0.00    -1.58   INPUTS   func_slow
wdata_reg_9_/D (SDFFARX1_HVT)      4.11 f         2.76           0.00    -1.35   INPUTS   func_slow
wdata_reg_10_/D (SDFFARX1_HVT)     3.79 f         2.78           0.00    -1.02   INPUTS   func_slow

   early_timing
   -----------

Information: Timer using 'SI, Timing Window Analysis, CRPR'. (TIM-050)
Endpoint                         Path Delay     Path Required       CRP    Slack Group    Scenario
----------------------------------------------------------------------------------------------------------
No paths.

   Mode: func Corner: slow
   Scenario: func_slow
   max_transition                                                              
                             Required        Actual                            
   Net                      Transition     Transition        Slack  Violation  
  ---------------------------------------------------------------------------
   rrst_n                       1.02          11.74         -10.71  (VIOLATED) 
     PIN : ropt_mt_inst_2120/A
                                1.02          11.74         -10.71  (VIOLATED) 

   wdata_in[1]                  1.02          11.60         -10.57  (VIOLATED) 
     PIN : ZBUF_inst_2095/A     1.02          11.60         -10.57  (VIOLATED) 

   wrst_n                       1.02          10.44          -9.42  (VIOLATED) 
     PIN : ropt_mt_inst_2121/A
                                1.02          10.44          -9.42  (VIOLATED) 

   wdata_in[0]                  1.02          10.30          -9.28  (VIOLATED) 
     PIN : ropt_mt_inst_2122/A
                                1.02          10.30          -9.28  (VIOLATED) 

   wdata_in[4]                  1.02          10.11          -9.08  (VIOLATED) 
     PIN : ropt_mt_inst_2123/A
                                1.02          10.11          -9.08  (VIOLATED) 

   wdata_in[2]                  1.02           9.92          -8.90  (VIOLATED) 
     PIN : ropt_mt_inst_2127/A
                                1.02           9.92          -8.90  (VIOLATED) 

   wdata_in[15]                 1.02           9.70          -8.68  (VIOLATED) 
     PIN : ropt_mt_inst_2128/A
                                1.02           9.70          -8.68  (VIOLATED) 

   wdata_in[3]                  1.02           9.51          -8.48  (VIOLATED) 
     PIN : ZBUF_inst_515/A      1.02           9.51          -8.48  (VIOLATED) 

   wdata_in[5]                  1.02           9.28          -8.25  (VIOLATED) 
     PIN : HFSBUF_109_11/A      1.02           9.28          -8.25  (VIOLATED) 

   wdata_in[14]                 1.02           9.22          -8.19  (VIOLATED) 
     PIN : ropt_mt_inst_2131/A
                                1.02           9.22          -8.19  (VIOLATED) 

   wdata_in[12]                 1.02           7.41          -6.39  (VIOLATED) 
     PIN : HFSBUF_27_3/A        1.02           7.41          -6.39  (VIOLATED) 

   wdata_in[13]                 1.02           6.95          -5.93  (VIOLATED) 
     PIN : ropt_mt_inst_2132/A
                                1.02           6.95          -5.93  (VIOLATED) 

   wdata_in[6]                  1.02           6.58          -5.56  (VIOLATED) 
     PIN : ZBUF_inst_336/A      1.02           6.58          -5.56  (VIOLATED) 

   wdata_in[11]                 1.02           6.17          -5.15  (VIOLATED) 
     PIN : ropt_mt_inst_2133/A
                                1.02           6.17          -5.15  (VIOLATED) 

   wdata_in[7]                  1.02           5.79          -4.76  (VIOLATED) 
     PIN : ZBUF_inst_526/A      1.02           5.79          -4.76  (VIOLATED) 

   winc                         1.02           5.74          -4.72  (VIOLATED) 
     PIN : ropt_mt_inst_2119/A
                                1.02           5.74          -4.72  (VIOLATED) 

   wdata_in[8]                  1.02           5.46          -4.44  (VIOLATED) 
     PIN : ropt_mt_inst_2135/A
                                1.02           5.46          -4.44  (VIOLATED) 

   wdata_in[9]                  1.02           5.14          -4.12  (VIOLATED) 
     PIN : ropt_mt_inst_2140/A
                                1.02           5.14          -4.12  (VIOLATED) 

   wdata_in[10]                 1.02           4.61          -3.58  (VIOLATED) 
     PIN : ropt_mt_inst_2136/A
                                1.02           4.61          -3.58  (VIOLATED) 

   ZBUF_63                      0.22           0.82          -0.60  (VIOLATED) 
     PIN : ZBUF_inst_336/Y      0.22           0.82          -0.60  (VIOLATED) 

  ---------------------------------------------------------------------------
   Number of max_transition violation(s): 20

   Mode: func Corner: slow
   Scenario: func_slow
   max_capacitance                                                             
                             Required        Actual                            
   Net                      Capacitance    Capacitance       Slack  Violation  
  ---------------------------------------------------------------------------
   fifomem/n518                25.00          50.34         -25.34  (VIOLATED) 
     PIN : fifomem/genblk1_5__U/O2[10]
                               25.00          50.34         -25.34  (VIOLATED) 

   fifomem/n290                25.00          39.91         -14.91  (VIOLATED) 
     PIN : fifomem/genblk1_1__U/O2[3]
                               25.00          39.91         -14.91  (VIOLATED) 

   fifomem/n514                25.00          39.39         -14.39  (VIOLATED) 
     PIN : fifomem/genblk1_1__U/O2[10]
                               25.00          39.39         -14.39  (VIOLATED) 

   fifomem/n390                25.00          39.39         -14.39  (VIOLATED) 
     PIN : fifomem/genblk1_5__U/O2[6]
                               25.00          39.39         -14.39  (VIOLATED) 

   fifomem/n386                25.00          39.32         -14.32  (VIOLATED) 
     PIN : fifomem/genblk1_1__U/O2[6]
                               25.00          39.32         -14.32  (VIOLATED) 

   fifomem/n417                25.00          38.19         -13.19  (VIOLATED) 
     PIN : fifomem/genblk1_0__U/O2[7]
                               25.00          38.19         -13.19  (VIOLATED) 

   fifomem/n326                25.00          35.38         -10.38  (VIOLATED) 
     PIN : fifomem/genblk1_5__U/O2[4]
                               25.00          35.38         -10.38  (VIOLATED) 

   fifomem/n353                25.00          35.16         -10.16  (VIOLATED) 
     PIN : fifomem/genblk1_0__U/O2[5]
                               25.00          35.16         -10.16  (VIOLATED) 

   fifomem/n225                25.00          34.80          -9.80  (VIOLATED) 
     PIN : fifomem/genblk1_0__U/O2[1]
                               25.00          34.80          -9.80  (VIOLATED) 

   fifomem/n674                25.00          34.39          -9.39  (VIOLATED) 
     PIN : fifomem/genblk1_1__U/O2[15]
                               25.00          34.39          -9.39  (VIOLATED) 

   fifomem/n546                25.00          33.71          -8.71  (VIOLATED) 
     PIN : fifomem/genblk1_1__U/O2[11]
                               25.00          33.71          -8.71  (VIOLATED) 

   fifomem/n229                25.00          33.61          -8.61  (VIOLATED) 
     PIN : fifomem/genblk1_4__U/O2[1]
                               25.00          33.61          -8.61  (VIOLATED) 

   fifomem/n289                25.00          32.95          -7.95  (VIOLATED) 
     PIN : fifomem/genblk1_0__U/O2[3]
                               25.00          32.95          -7.95  (VIOLATED) 

   fifomem/n354                25.00          32.57          -7.57  (VIOLATED) 
     PIN : fifomem/genblk1_1__U/O2[5]
                               25.00          32.57          -7.57  (VIOLATED) 

   fifomem/n577                25.00          32.28          -7.28  (VIOLATED) 
     PIN : fifomem/genblk1_0__U/O2[12]
                               25.00          32.28          -7.28  (VIOLATED) 

   fifomem/n523                25.00          31.63          -6.63  (VIOLATED) 
     PIN : fifomem/genblk1_10__U/O2[10]
                               25.00          31.63          -6.63  (VIOLATED) 

   HFSNET_88                   64.00          69.73          -5.73  (VIOLATED) 
     PIN : HFSINV_243_76/Y     64.00          69.73          -5.73  (VIOLATED) 

   fifomem/n207                25.00          30.70          -5.70  (VIOLATED) 
     PIN : fifomem/genblk1_14__U/O2[0]
                               25.00          30.70          -5.70  (VIOLATED) 

   fifomem/n358                25.00          30.56          -5.56  (VIOLATED) 
     PIN : fifomem/genblk1_5__U/O2[5]
                               25.00          30.56          -5.56  (VIOLATED) 

   fifomem/n226                25.00          30.43          -5.43  (VIOLATED) 
     PIN : fifomem/genblk1_1__U/O2[1]
                               25.00          30.43          -5.43  (VIOLATED) 

   fifomem/n598                25.00          30.40          -5.40  (VIOLATED) 
     PIN : fifomem/genblk1_21__U/O2[12]
                               25.00          30.40          -5.40  (VIOLATED) 

   fifomem/n474                25.00          30.12          -5.12  (VIOLATED) 
     PIN : fifomem/genblk1_25__U/O2[8]
                               25.00          30.12          -5.12  (VIOLATED) 

   fifomem/n385                25.00          30.09          -5.09  (VIOLATED) 
     PIN : fifomem/genblk1_0__U/O2[6]
                               25.00          30.09          -5.09  (VIOLATED) 

   fifomem/n427                25.00          29.91          -4.91  (VIOLATED) 
     PIN : fifomem/genblk1_10__U/O2[7]
                               25.00          29.91          -4.91  (VIOLATED) 

   fifomem/n250                25.00          29.86          -4.86  (VIOLATED) 
     PIN : fifomem/genblk1_25__U/O2[1]
                               25.00          29.86          -4.86  (VIOLATED) 

   fifomem/n624                25.00          29.71          -4.71  (VIOLATED) 
     PIN : fifomem/genblk1_15__U/O2[13]
                               25.00          29.71          -4.71  (VIOLATED) 

   fifomem/n257                25.00          29.67          -4.67  (VIOLATED) 
     PIN : fifomem/genblk1_0__U/O2[2]
                               25.00          29.67          -4.67  (VIOLATED) 

   fifomem/n609                25.00          29.64          -4.64  (VIOLATED) 
     PIN : fifomem/genblk1_0__U/O2[13]
                               25.00          29.64          -4.64  (VIOLATED) 

   fifomem/n379                25.00          29.39          -4.39  (VIOLATED) 
     PIN : fifomem/genblk1_26__U/O2[5]
                               25.00          29.39          -4.39  (VIOLATED) 

   fifomem/n418                25.00          29.21          -4.21  (VIOLATED) 
     PIN : fifomem/genblk1_1__U/O2[7]
                               25.00          29.21          -4.21  (VIOLATED) 

   fifomem/n482                25.00          29.14          -4.14  (VIOLATED) 
     PIN : fifomem/genblk1_1__U/O2[9]
                               25.00          29.14          -4.14  (VIOLATED) 

   fifomem/n481                25.00          28.78          -3.78  (VIOLATED) 
     PIN : fifomem/genblk1_0__U/O2[9]
                               25.00          28.78          -3.78  (VIOLATED) 

   fifomem/n513                25.00          28.75          -3.75  (VIOLATED) 
     PIN : fifomem/genblk1_0__U/O2[10]
                               25.00          28.75          -3.75  (VIOLATED) 

   fifomem/n322                25.00          28.68          -3.68  (VIOLATED) 
     PIN : fifomem/genblk1_1__U/O2[4]
                               25.00          28.68          -3.68  (VIOLATED) 

   fifomem/n456                25.00          28.24          -3.24  (VIOLATED) 
     PIN : fifomem/genblk1_7__U/O2[8]
                               25.00          28.24          -3.24  (VIOLATED) 

   fifomem/n493                25.00          28.11          -3.11  (VIOLATED) 
     PIN : fifomem/genblk1_12__U/O2[9]
                               25.00          28.11          -3.11  (VIOLATED) 

   fifomem/n449                25.00          28.11          -3.11  (VIOLATED) 
     PIN : fifomem/genblk1_0__U/O2[8]
                               25.00          28.11          -3.11  (VIOLATED) 

   fifomem/n445                25.00          27.95          -2.95  (VIOLATED) 
     PIN : fifomem/genblk1_28__U/O2[7]
                               25.00          27.95          -2.95  (VIOLATED) 

   fifomem/n641                25.00          27.87          -2.87  (VIOLATED) 
     PIN : fifomem/genblk1_0__U/O2[14]
                               25.00          27.87          -2.87  (VIOLATED) 

   fifomem/n373                25.00          27.72          -2.72  (VIOLATED) 
     PIN : fifomem/genblk1_20__U/O2[5]
                               25.00          27.72          -2.72  (VIOLATED) 

   fifomem/n495                25.00          27.72          -2.72  (VIOLATED) 
     PIN : fifomem/genblk1_14__U/O2[9]
                               25.00          27.72          -2.72  (VIOLATED) 

   fifomem/n491                25.00          27.64          -2.64  (VIOLATED) 
     PIN : fifomem/genblk1_10__U/O2[9]
                               25.00          27.64          -2.64  (VIOLATED) 

   fifomem/n545                25.00          27.32          -2.32  (VIOLATED) 
     PIN : fifomem/genblk1_0__U/O2[11]
                               25.00          27.32          -2.32  (VIOLATED) 

   fifomem/n469                25.00          27.32          -2.32  (VIOLATED) 
     PIN : fifomem/genblk1_20__U/O2[8]
                               25.00          27.32          -2.32  (VIOLATED) 

   fifomem/n193                25.00          27.30          -2.30  (VIOLATED) 
     PIN : fifomem/genblk1_0__U/O2[0]
                               25.00          27.30          -2.30  (VIOLATED) 

   fifomem/n273                25.00          27.28          -2.28  (VIOLATED) 
     PIN : fifomem/genblk1_16__U/O2[2]
                               25.00          27.28          -2.28  (VIOLATED) 

   fifomem/n194                25.00          27.21          -2.21  (VIOLATED) 
     PIN : fifomem/genblk1_1__U/O2[0]
                               25.00          27.21          -2.21  (VIOLATED) 

   fifomem/n537                25.00          27.06          -2.06  (VIOLATED) 
     PIN : fifomem/genblk1_24__U/O2[10]
                               25.00          27.06          -2.06  (VIOLATED) 

   fifomem/n299                25.00          26.94          -1.94  (VIOLATED) 
     PIN : fifomem/genblk1_10__U/O2[3]
                               25.00          26.94          -1.94  (VIOLATED) 

   fifomem/n338                25.00          26.81          -1.81  (VIOLATED) 
     PIN : fifomem/genblk1_17__U/O2[4]
                               25.00          26.81          -1.81  (VIOLATED) 

   fifomem/n610                25.00          26.71          -1.71  (VIOLATED) 
     PIN : fifomem/genblk1_1__U/O2[13]
                               25.00          26.71          -1.71  (VIOLATED) 

   fifomem/n673                25.00          26.66          -1.66  (VIOLATED) 
     PIN : fifomem/genblk1_0__U/O2[15]
                               25.00          26.66          -1.66  (VIOLATED) 

   fifomem/n455                25.00          26.51          -1.51  (VIOLATED) 
     PIN : fifomem/genblk1_6__U/O2[8]
                               25.00          26.51          -1.51  (VIOLATED) 

   fifomem/n593                25.00          26.28          -1.28  (VIOLATED) 
     PIN : fifomem/genblk1_16__U/O2[12]
                               25.00          26.28          -1.28  (VIOLATED) 

   fifomem/n521                25.00          26.18          -1.18  (VIOLATED) 
     PIN : fifomem/genblk1_8__U/O2[10]
                               25.00          26.18          -1.18  (VIOLATED) 

   fifomem/n633                25.00          26.12          -1.12  (VIOLATED) 
     PIN : fifomem/genblk1_24__U/O2[13]
                               25.00          26.12          -1.12  (VIOLATED) 

   fifomem/n560                25.00          26.11          -1.11  (VIOLATED) 
     PIN : fifomem/genblk1_15__U/O2[11]
                               25.00          26.11          -1.11  (VIOLATED) 

   fifomem/n534                25.00          26.10          -1.10  (VIOLATED) 
     PIN : fifomem/genblk1_21__U/O2[10]
                               25.00          26.10          -1.10  (VIOLATED) 

   fifomem/n335                25.00          26.09          -1.09  (VIOLATED) 
     PIN : fifomem/genblk1_14__U/O2[4]
                               25.00          26.09          -1.09  (VIOLATED) 

   fifomem/n240                25.00          26.03          -1.03  (VIOLATED) 
     PIN : fifomem/genblk1_15__U/O2[1]
                               25.00          26.03          -1.03  (VIOLATED) 

   fifomem/n203                25.00          25.86          -0.86  (VIOLATED) 
     PIN : fifomem/genblk1_10__U/O2[0]
                               25.00          25.86          -0.86  (VIOLATED) 

   fifomem/n309                25.00          25.73          -0.73  (VIOLATED) 
     PIN : fifomem/genblk1_20__U/O2[3]
                               25.00          25.73          -0.73  (VIOLATED) 

   fifomem/n295                25.00          25.57          -0.57  (VIOLATED) 
     PIN : fifomem/genblk1_6__U/O2[3]
                               25.00          25.57          -0.57  (VIOLATED) 

   fifomem/n285                25.00          25.51          -0.51  (VIOLATED) 
     PIN : fifomem/genblk1_28__U/O2[2]
                               25.00          25.51          -0.51  (VIOLATED) 

   fifomem/n368                25.00          25.50          -0.50  (VIOLATED) 
     PIN : fifomem/genblk1_15__U/O2[5]
                               25.00          25.50          -0.50  (VIOLATED) 

   fifomem/n655                25.00          25.49          -0.49  (VIOLATED) 
     PIN : fifomem/genblk1_14__U/O2[14]
                               25.00          25.49          -0.49  (VIOLATED) 

   fifomem/n578                25.00          25.48          -0.48  (VIOLATED) 
     PIN : fifomem/genblk1_1__U/O2[12]
                               25.00          25.48          -0.48  (VIOLATED) 

   fifomem/n656                25.00          25.47          -0.47  (VIOLATED) 
     PIN : fifomem/genblk1_15__U/O2[14]
                               25.00          25.47          -0.47  (VIOLATED) 

   fifomem/n298                25.00          25.32          -0.32  (VIOLATED) 
     PIN : fifomem/genblk1_9__U/O2[3]
                               25.00          25.32          -0.32  (VIOLATED) 

   fifomem/n488                25.00          25.28          -0.28  (VIOLATED) 
     PIN : fifomem/genblk1_7__U/O2[9]
                               25.00          25.28          -0.28  (VIOLATED) 

   fifomem/n218                25.00          25.28          -0.28  (VIOLATED) 
     PIN : fifomem/genblk1_25__U/O2[0]
                               25.00          25.28          -0.28  (VIOLATED) 

   fifomem/n370                25.00          25.27          -0.27  (VIOLATED) 
     PIN : fifomem/genblk1_17__U/O2[5]
                               25.00          25.27          -0.27  (VIOLATED) 

   fifomem/n459                25.00          25.22          -0.22  (VIOLATED) 
     PIN : fifomem/genblk1_10__U/O2[8]
                               25.00          25.22          -0.22  (VIOLATED) 

   fifomem/n561                25.00          25.17          -0.17  (VIOLATED) 
     PIN : fifomem/genblk1_16__U/O2[11]
                               25.00          25.17          -0.17  (VIOLATED) 

   fifomem/n234                25.00          25.15          -0.15  (VIOLATED) 
     PIN : fifomem/genblk1_9__U/O2[1]
                               25.00          25.15          -0.15  (VIOLATED) 

   fifomem/n302                25.00          25.14          -0.14  (VIOLATED) 
     PIN : fifomem/genblk1_13__U/O2[3]
                               25.00          25.14          -0.14  (VIOLATED) 

   fifomem/HFSNET_238         168.00         168.14          -0.14  (VIOLATED) 
     PIN : fifomem/HFSBUF_1822_247/Y
                              168.00         168.14          -0.14  (VIOLATED) 

   fifomem/n209                25.00          25.11          -0.11  (VIOLATED) 
     PIN : fifomem/genblk1_16__U/O2[0]
                               25.00          25.11          -0.11  (VIOLATED) 

   fifomem/n1012                8.00           8.08          -0.08  (VIOLATED) 
     PIN : fifomem/U527/Y       8.00           8.08          -0.08  (VIOLATED) 

   fifomem/n281                25.00          25.08          -0.08  (VIOLATED) 
     PIN : fifomem/genblk1_24__U/O2[2]
                               25.00          25.08          -0.08  (VIOLATED) 

   HFSNET_39                    8.00           8.08          -0.08  (VIOLATED) 
     PIN : wdata_reg_5_/Q       8.00           8.08          -0.08  (VIOLATED) 

   fifomem/n64                  8.00           8.07          -0.07  (VIOLATED) 
     PIN : fifomem/U672/Y       8.00           8.07          -0.07  (VIOLATED) 

   fifomem/n332                25.00          25.01          -0.01  (VIOLATED) 
     PIN : fifomem/genblk1_11__U/O2[4]
                               25.00          25.01          -0.01  (VIOLATED) 

   fifomem/n1120               16.00          16.00          -0.00  (VIOLATED) 
     PIN : fifomem/U23/Y       16.00          16.00          -0.00  (VIOLATED) 

  ---------------------------------------------------------------------------
   Number of max_capacitance violation(s): 84


   Mode: func Corner: slow
   Scenario: func_slow
  ---------------------------------------------------------------------------
   Number of min_capacitance violation(s): 0

   Total number of violation(s): 104
1
